<?xml version="1.0" encoding="UTF-8"?>
<coverage generated="1763485214413" clover="3.2.0">
  <project timestamp="1763485214414" name="All files">
    <metrics statements="17" coveredstatements="16" conditionals="9" coveredconditionals="6" methods="8" coveredmethods="8" elements="34" coveredelements="30" complexity="0" loc="17" ncloc="17" packages="1" files="3" classes="3"/>
    <file name="StorageManager.js" path="/Users/tiberius/Developer/repos/github/1DV609-A1/src/StorageManager.js">
      <metrics statements="8" coveredstatements="8" conditionals="0" coveredconditionals="0" methods="3" coveredmethods="3"/>
      <line num="5" count="4" type="stmt"/>
      <line num="9" count="2" type="stmt"/>
      <line num="10" count="2" type="stmt"/>
      <line num="14" count="2" type="stmt"/>
      <line num="18" count="2" type="stmt"/>
      <line num="19" count="2" type="stmt"/>
      <line num="23" count="2" type="stmt"/>
      <line num="25" count="1" type="stmt"/>
    </file>
    <file name="Task.js" path="/Users/tiberius/Developer/repos/github/1DV609-A1/src/Task.js">
      <metrics statements="3" coveredstatements="3" conditionals="0" coveredconditionals="0" methods="3" coveredmethods="3"/>
      <line num="5" count="2" type="stmt"/>
      <line num="8" count="3" type="stmt"/>
      <line num="12" count="2" type="stmt"/>
    </file>
    <file name="Validator.js" path="/Users/tiberius/Developer/repos/github/1DV609-A1/src/Validator.js">
      <metrics statements="6" coveredstatements="5" conditionals="9" coveredconditionals="6" methods="2" coveredmethods="2"/>
      <line num="3" count="4" type="cond" truecount="4" falsecount="0"/>
      <line num="4" count="2" type="stmt"/>
      <line num="5" count="2" type="stmt"/>
      <line num="9" count="1" type="cond" truecount="2" falsecount="3"/>
      <line num="10" count="1" type="stmt"/>
      <line num="12" count="0" type="stmt"/>
    </file>
  </project>
</coverage>
