{"/Users/tiberius/Developer/repos/github/1DV609-A1/src/StorageManager.js": {"path":"/Users/tiberius/Developer/repos/github/1DV609-A1/src/StorageManager.js","statementMap":{"0":{"start":{"line":5,"column":4},"end":{"line":5,"column":47}},"1":{"start":{"line":9,"column":25},"end":{"line":9,"column":49}},"2":{"start":{"line":10,"column":4},"end":{"line":10,"column":73}},"3":{"start":{"line":14,"column":4},"end":{"line":14,"column":41}},"4":{"start":{"line":18,"column":4},"end":{"line":26,"column":5}},"5":{"start":{"line":19,"column":19},"end":{"line":22,"column":7}},"6":{"start":{"line":23,"column":6},"end":{"line":23,"column":29}},"7":{"start":{"line":25,"column":6},"end":{"line":25,"column":15}}},"fnMap":{"0":{"name":"(anonymous_0)","decl":{"start":{"line":4,"column":2},"end":{"line":4,"column":3}},"loc":{"start":{"line":4,"column":33},"end":{"line":6,"column":3}},"line":4},"1":{"name":"(anonymous_1)","decl":{"start":{"line":8,"column":2},"end":{"line":8,"column":3}},"loc":{"start":{"line":8,"column":19},"end":{"line":11,"column":3}},"line":8},"2":{"name":"(anonymous_2)","decl":{"start":{"line":17,"column":2},"end":{"line":17,"column":3}},"loc":{"start":{"line":17,"column":15},"end":{"line":27,"column":3}},"line":17}},"branchMap":{},"s":{"0":4,"1":2,"2":2,"3":2,"4":2,"5":2,"6":2,"7":1},"f":{"0":4,"1":2,"2":2},"b":{},"_coverageSchema":"1a1c01bbd47fc00a2c39e90264f33305004495a9","hash":"229e8f39da73ad9fed8c4429b330ec25336d6ef8"}
,"/Users/tiberius/Developer/repos/github/1DV609-A1/src/Task.js": {"path":"/Users/tiberius/Developer/repos/github/1DV609-A1/src/Task.js","statementMap":{"0":{"start":{"line":5,"column":4},"end":{"line":5,"column":27}},"1":{"start":{"line":8,"column":4},"end":{"line":8,"column":28}},"2":{"start":{"line":12,"column":4},"end":{"line":12,"column":27}}},"fnMap":{"0":{"name":"(anonymous_0)","decl":{"start":{"line":4,"column":2},"end":{"line":4,"column":3}},"loc":{"start":{"line":4,"column":19},"end":{"line":6,"column":3}},"line":4},"1":{"name":"(anonymous_1)","decl":{"start":{"line":7,"column":2},"end":{"line":7,"column":3}},"loc":{"start":{"line":7,"column":21},"end":{"line":9,"column":3}},"line":7},"2":{"name":"(anonymous_2)","decl":{"start":{"line":11,"column":2},"end":{"line":11,"column":3}},"loc":{"start":{"line":11,"column":18},"end":{"line":13,"column":3}},"line":11}},"branchMap":{},"s":{"0":2,"1":3,"2":2},"f":{"0":2,"1":3,"2":2},"b":{},"_coverageSchema":"1a1c01bbd47fc00a2c39e90264f33305004495a9","hash":"bb7c2fdb1f8a75cf991bd25870d9430db7afe64f"}
,"/Users/tiberius/Developer/repos/github/1DV609-A1/src/Validator.js": {"path":"/Users/tiberius/Developer/repos/github/1DV609-A1/src/Validator.js","statementMap":{"0":{"start":{"line":3,"column":4},"end":{"line":5,"column":25}},"1":{"start":{"line":4,"column":6},"end":{"line":4,"column":18}},"2":{"start":{"line":5,"column":11},"end":{"line":5,"column":25}},"3":{"start":{"line":9,"column":4},"end":{"line":13,"column":5}},"4":{"start":{"line":10,"column":6},"end":{"line":10,"column":17}},"5":{"start":{"line":12,"column":6},"end":{"line":12,"column":18}}},"fnMap":{"0":{"name":"(anonymous_0)","decl":{"start":{"line":2,"column":2},"end":{"line":2,"column":3}},"loc":{"start":{"line":2,"column":24},"end":{"line":6,"column":3}},"line":2},"1":{"name":"(anonymous_1)","decl":{"start":{"line":8,"column":2},"end":{"line":8,"column":3}},"loc":{"start":{"line":8,"column":23},"end":{"line":14,"column":3}},"line":8}},"branchMap":{"0":{"loc":{"start":{"line":3,"column":4},"end":{"line":5,"column":25}},"type":"if","locations":[{"start":{"line":3,"column":4},"end":{"line":5,"column":25}},{"start":{"line":5,"column":11},"end":{"line":5,"column":25}}],"line":3},"1":{"loc":{"start":{"line":3,"column":8},"end":{"line":3,"column":43}},"type":"binary-expr","locations":[{"start":{"line":3,"column":8},"end":{"line":3,"column":22}},{"start":{"line":3,"column":26},"end":{"line":3,"column":43}}],"line":3},"2":{"loc":{"start":{"line":9,"column":4},"end":{"line":13,"column":5}},"type":"if","locations":[{"start":{"line":9,"column":4},"end":{"line":13,"column":5}},{"start":{"line":11,"column":11},"end":{"line":13,"column":5}}],"line":9},"3":{"loc":{"start":{"line":9,"column":19},"end":{"line":9,"column":46}},"type":"binary-expr","locations":[{"start":{"line":9,"column":19},"end":{"line":9,"column":24}},{"start":{"line":9,"column":28},"end":{"line":9,"column":36}},{"start":{"line":9,"column":40},"end":{"line":9,"column":46}}],"line":9}},"s":{"0":4,"1":2,"2":2,"3":1,"4":1,"5":0},"f":{"0":4,"1":1},"b":{"0":[2,2],"1":[4,3],"2":[1,0],"3":[1,0,0]},"_coverageSchema":"1a1c01bbd47fc00a2c39e90264f33305004495a9","hash":"b96e3fd3bd96394b4c6a1e2a52bd610bf1fe45d8"}
}
